Change Component Footprint: Designator=P100 Old Footprint=HDR1X6 New Footprint=HDR1X6 - duplicate
Change Component Footprint: Designator=U200 Old Footprint=NCP115 New Footprint=NCP115 - duplicate
Change Component Footprint: Designator=S100 Old Footprint=PTS636SM43SMTRLFS New Footprint=PTS636SM43SMTRLFS - duplicate
Added Component: Designator=C100(CAPC1608X90N)
Add component (AddParameter): Name = "Availability"; Value = "Unavailable"; VariantName = "[No Variations]"
Add component (AddParameter): Name = "MF"; Value = "{'manufacturer': u'AVX'}"; VariantName = "[No Variations]"
Add component (AddParameter): Name = "MP"; Value = "06033G104ZAT4A"; VariantName = "[No Variations]"
Add component (AddParameter): Name = "Package"; Value = "None"; VariantName = "[No Variations]"
Add component (AddParameter): Name = "Price"; Value = "None"; VariantName = "[No Variations]"
Add component (AddParameter): Name = "Value"; Value = ""; VariantName = "[No Variations]"
Added Component: Designator=C101(CAPC1608X90N)
Add component (AddParameter): Name = "Availability"; Value = "Unavailable"; VariantName = "[No Variations]"
Add component (AddParameter): Name = "MF"; Value = "{'manufacturer': u'AVX'}"; VariantName = "[No Variations]"
Add component (AddParameter): Name = "MP"; Value = "06033G104ZAT4A"; VariantName = "[No Variations]"
Add component (AddParameter): Name = "Package"; Value = "None"; VariantName = "[No Variations]"
Add component (AddParameter): Name = "Price"; Value = "None"; VariantName = "[No Variations]"
Add component (AddParameter): Name = "Value"; Value = ""; VariantName = "[No Variations]"
Add Component: Footprint Not Found CAP_0603
Add Component: Footprint Not Found CAPC1608X90N
Added Component: Designator=C104(CAPC1608X90)
Add component (AddParameter): Name = "Availability"; Value = "Unavailable"; VariantName = "[No Variations]"
Add component (AddParameter): Name = "MF"; Value = "{'manufacturer': u'KEMET'}"; VariantName = "[No Variations]"
Add component (AddParameter): Name = "MP"; Value = "C0603C474K8PACTU"; VariantName = "[No Variations]"
Add component (AddParameter): Name = "Package"; Value = "None"; VariantName = "[No Variations]"
Add component (AddParameter): Name = "Price"; Value = "None"; VariantName = "[No Variations]"
Add component (AddParameter): Name = "Value"; Value = "470uf"; VariantName = "[No Variations]"
Add Component: Footprint Not Found CAPC1608X90
Added Component: Designator=C106(CAPC1608X87N)
Add component (AddParameter): Name = "Availability"; Value = "Unavailable"; VariantName = "[No Variations]"
Add component (AddParameter): Name = "MF"; Value = "{'manufacturer': u'Vishay Vitramon'}"; VariantName = "[No Variations]"
Add component (AddParameter): Name = "MP"; Value = "VJ0603Y153KXAPW1BC"; VariantName = "[No Variations]"
Add component (AddParameter): Name = "Package"; Value = "None"; VariantName = "[No Variations]"
Add component (AddParameter): Name = "Price"; Value = "None"; VariantName = "[No Variations]"
Add component (AddParameter): Name = "Value"; Value = "0.015uf"; VariantName = "[No Variations]"
Add Component: Footprint Not Found CAPC1608X90
Add Component: Footprint Not Found EEETC1V470P
Add Component: Footprint Not Found CAPC2012X70N
Add Component: Footprint Not Found CAPAE660X770N
Add Component: Footprint Not Found CAPC2012X70N
Added Component: Designator=C204(CAPC1608X90N)
Add component (AddParameter): Name = "Availability"; Value = "Unavailable"; VariantName = "[No Variations]"
Add component (AddParameter): Name = "MF"; Value = "{'manufacturer': u'AVX'}"; VariantName = "[No Variations]"
Add component (AddParameter): Name = "MP"; Value = "06033G104ZAT4A"; VariantName = "[No Variations]"
Add component (AddParameter): Name = "Package"; Value = "None"; VariantName = "[No Variations]"
Add component (AddParameter): Name = "Price"; Value = "None"; VariantName = "[No Variations]"
Add component (AddParameter): Name = "Value"; Value = ""; VariantName = "[No Variations]"
Added Component: Designator=C205(CAPC1608X90N)
Add component (AddParameter): Name = "Availability"; Value = "Unavailable"; VariantName = "[No Variations]"
Add component (AddParameter): Name = "MF"; Value = "{'manufacturer': u'AVX'}"; VariantName = "[No Variations]"
Add component (AddParameter): Name = "MP"; Value = "06033G104ZAT4A"; VariantName = "[No Variations]"
Add component (AddParameter): Name = "Package"; Value = "None"; VariantName = "[No Variations]"
Add component (AddParameter): Name = "Price"; Value = "None"; VariantName = "[No Variations]"
Add component (AddParameter): Name = "Value"; Value = ""; VariantName = "[No Variations]"
Added Component: Designator=C300(CAPC1608X90N)
Add component (AddParameter): Name = "Availability"; Value = "Unavailable"; VariantName = "[No Variations]"
Add component (AddParameter): Name = "MF"; Value = "{'manufacturer': u'AVX'}"; VariantName = "[No Variations]"
Add component (AddParameter): Name = "MP"; Value = "06033G104ZAT4A"; VariantName = "[No Variations]"
Add component (AddParameter): Name = "Package"; Value = "None"; VariantName = "[No Variations]"
Add component (AddParameter): Name = "Price"; Value = "None"; VariantName = "[No Variations]"
Add component (AddParameter): Name = "Value"; Value = "0.1uf"; VariantName = "[No Variations]"
Added Component: Designator=C301(CAPC1608X90N)
Add component (AddParameter): Name = "Availability"; Value = "Unavailable"; VariantName = "[No Variations]"
Add component (AddParameter): Name = "MF"; Value = "{'manufacturer': u'AVX'}"; VariantName = "[No Variations]"
Add component (AddParameter): Name = "MP"; Value = "06033G104ZAT4A"; VariantName = "[No Variations]"
Add component (AddParameter): Name = "Package"; Value = "None"; VariantName = "[No Variations]"
Add component (AddParameter): Name = "Price"; Value = "None"; VariantName = "[No Variations]"
Add component (AddParameter): Name = "Value"; Value = "0.1uf"; VariantName = "[No Variations]"
Added Component: Designator=C400(CAPC1608X90)
Add component (AddParameter): Name = "Availability"; Value = "Unavailable"; VariantName = "[No Variations]"
Add component (AddParameter): Name = "MF"; Value = "{'manufacturer': u'Yageo'}"; VariantName = "[No Variations]"
Add component (AddParameter): Name = "MP"; Value = "CC0603JRNPO9BN470"; VariantName = "[No Variations]"
Add component (AddParameter): Name = "Package"; Value = "None"; VariantName = "[No Variations]"
Add component (AddParameter): Name = "Price"; Value = "None"; VariantName = "[No Variations]"
Add component (AddParameter): Name = "Value"; Value = "47pf"; VariantName = "[No Variations]"
Added Component: Designator=C401(CAPC1608X87N)
Add component (AddParameter): Name = "Availability"; Value = "Unavailable"; VariantName = "[No Variations]"
Add component (AddParameter): Name = "MF"; Value = "{'manufacturer': u'Vishay Vitramon'}"; VariantName = "[No Variations]"
Add component (AddParameter): Name = "MP"; Value = "VJ0603Y153KXAPW1BC"; VariantName = "[No Variations]"
Add component (AddParameter): Name = "Package"; Value = "None"; VariantName = "[No Variations]"
Add component (AddParameter): Name = "Price"; Value = "None"; VariantName = "[No Variations]"
Add component (AddParameter): Name = "Value"; Value = "0.015uf"; VariantName = "[No Variations]"
Add Component: Footprint Not Found CAPC1608X90
Added Component: Designator=D100(LED-0603-BLUE)
Add component (AddParameter): Name = "Manufacturer"; Value = "Lite-On"; VariantName = "[No Variations]"
Add component (AddParameter): Name = "Part Number"; Value = "LTST-C193TBKT-5A"; VariantName = "[No Variations]"
Add component (AddParameter): Name = "Supplier 1"; Value = "Digi-Key"; VariantName = "[No Variations]"
Add component (AddParameter): Name = "Supplier Part Number 1"; Value = "160-1827-1-ND"; VariantName = "[No Variations]"
Add component (AddParameter): Name = "Value"; Value = "LED-BLUE"; VariantName = "[No Variations]"
Add Component: Footprint Not Found LED-0603-BLUE
Added Component: Designator=D102(DIOM5126X229N)
Add component (AddParameter): Name = "Availability"; Value = "Unavailable"; VariantName = "[No Variations]"
Add component (AddParameter): Name = "MF"; Value = "{'manufacturer': u'Diodes Inc.'}"; VariantName = "[No Variations]"
Add component (AddParameter): Name = "MP"; Value = "SMAJ5.0CA-13-F"; VariantName = "[No Variations]"
Add component (AddParameter): Name = "Package"; Value = "None"; VariantName = "[No Variations]"
Add component (AddParameter): Name = "Price"; Value = "None"; VariantName = "[No Variations]"
Add component (AddParameter): Name = "Value"; Value = ""; VariantName = "[No Variations]"
Add Component: Footprint Not Found DIOM5436X261N
Add Component: Footprint Not Found DIOM5436X244N
Add Component: Footprint Not Found LED-0603-BLUE
Added Component: Designator=D400(SOD3816X135N)
Add component (AddParameter): Name = "Arrow Part Number"; Value = ""; VariantName = "[No Variations]"
Add component (AddParameter): Name = "Arrow Price/Stock"; Value = ""; VariantName = "[No Variations]"
Add component (AddParameter): Name = "Datasheet Link"; Value = "https://www.mouser.com/datasheet/2/1057/1N4148W-1869619.pdf"; VariantName = "[No Variations]"
Add component (AddParameter): Name = "Height"; Value = "1.35mm"; VariantName = "[No Variations]"
Add component (AddParameter): Name = "Manufacturer_Name"; Value = "PANJIT"; VariantName = "[No Variations]"
Add component (AddParameter): Name = "Manufacturer_Part_Number"; Value = "1N4148W_R1_00001"; VariantName = "[No Variations]"
Add component (AddParameter): Name = "Mouser Part Number"; Value = "241-1N4148W_R1_00001"; VariantName = "[No Variations]"
Add component (AddParameter): Name = "Mouser Price/Stock"; Value = "https://www.mouser.co.uk/ProductDetail/Panjit/1N4148W_R1_00001?qs=sPbYRqrBIVnqVztCqPNVrw%3D%3D"; VariantName = "[No Variations]"
Add component (AddParameter): Name = "Mouser Testing Part Number"; Value = ""; VariantName = "[No Variations]"
Add component (AddParameter): Name = "Mouser Testing Price/Stock"; Value = ""; VariantName = "[No Variations]"
Add Component: Footprint Not Found SOD3816X135N
Added Component: Designator=D402(DIOM5126X229N)
Add component (AddParameter): Name = "Availability"; Value = "Unavailable"; VariantName = "[No Variations]"
Add component (AddParameter): Name = "MF"; Value = "{'manufacturer': u'Diodes Inc.'}"; VariantName = "[No Variations]"
Add component (AddParameter): Name = "MP"; Value = "SMAJ5.0CA-13-F"; VariantName = "[No Variations]"
Add component (AddParameter): Name = "Package"; Value = "None"; VariantName = "[No Variations]"
Add component (AddParameter): Name = "Price"; Value = "None"; VariantName = "[No Variations]"
Add component (AddParameter): Name = "Value"; Value = ""; VariantName = "[No Variations]"
Add Component: Footprint Not Found SOD3816X135N
Add Component: Footprint Not Found SOD3816X135N
Added Component: Designator=F200(FUSE_MRT-500-AMMO)
Add component (AddParameter): Name = "Availability"; Value = "Unavailable"; VariantName = "[No Variations]"
Add component (AddParameter): Name = "MF"; Value = "{'manufacturer': u'Bel Fuse'}"; VariantName = "[No Variations]"
Add component (AddParameter): Name = "MP"; Value = "MRT-500-AMMO"; VariantName = "[No Variations]"
Add component (AddParameter): Name = "Package"; Value = "None"; VariantName = "[No Variations]"
Add component (AddParameter): Name = "Price"; Value = "None"; VariantName = "[No Variations]"
Add component (AddParameter): Name = "Value"; Value = ""; VariantName = "[No Variations]"
Added Component: Designator=FL400(BEADC2012X105N)
Add component (AddParameter): Name = "Availability"; Value = "Unavailable"; VariantName = "[No Variations]"
Add component (AddParameter): Name = "MF"; Value = "{'manufacturer': u'Murata Electronics'}"; VariantName = "[No Variations]"
Add component (AddParameter): Name = "MP"; Value = "BLM21BD121SN1D"; VariantName = "[No Variations]"
Add component (AddParameter): Name = "Package"; Value = "None"; VariantName = "[No Variations]"
Add component (AddParameter): Name = "Price"; Value = "None"; VariantName = "[No Variations]"
Add component (AddParameter): Name = "Value"; Value = ""; VariantName = "[No Variations]"
Added Component: Designator=FL401(BEADC2012X105N)
Add component (AddParameter): Name = "Availability"; Value = "Unavailable"; VariantName = "[No Variations]"
Add component (AddParameter): Name = "MF"; Value = "{'manufacturer': u'Murata Electronics'}"; VariantName = "[No Variations]"
Add component (AddParameter): Name = "MP"; Value = "BLM21BD121SN1D"; VariantName = "[No Variations]"
Add component (AddParameter): Name = "Package"; Value = "None"; VariantName = "[No Variations]"
Add component (AddParameter): Name = "Price"; Value = "None"; VariantName = "[No Variations]"
Add component (AddParameter): Name = "Value"; Value = ""; VariantName = "[No Variations]"
Added Component: Designator=J200(HDRV10W51P254X127_2X5_635X498X838P - duplicate)
Add component (AddParameter): Name = "Arrow Part Number"; Value = "TMS-105-01-L-D"; VariantName = "[No Variations]"
Add component (AddParameter): Name = "Arrow Price/Stock"; Value = "https://www.arrow.com/en/products/tms-105-01-l-d/samtec"; VariantName = "[No Variations]"
Add component (AddParameter): Name = "Datasheet Link"; Value = "http://suddendocs.samtec.com/catalog_english/tms_th.pdf"; VariantName = "[No Variations]"
Add component (AddParameter): Name = "Height"; Value = "8.38mm"; VariantName = "[No Variations]"
Add component (AddParameter): Name = "Manufacturer_Name"; Value = "SAMTEC"; VariantName = "[No Variations]"
Add component (AddParameter): Name = "Manufacturer_Part_Number"; Value = "TMS-105-01-L-D"; VariantName = "[No Variations]"
Add component (AddParameter): Name = "Mouser Part Number"; Value = "200-TMS10501LD"; VariantName = "[No Variations]"
Add component (AddParameter): Name = "Mouser Price/Stock"; Value = "https://www.mouser.com/Search/Refine.aspx?Keyword=200-TMS10501LD"; VariantName = "[No Variations]"
Add component (AddParameter): Name = "Mouser Testing Part Number"; Value = ""; VariantName = "[No Variations]"
Add component (AddParameter): Name = "Mouser Testing Price/Stock"; Value = ""; VariantName = "[No Variations]"
Added Component: Designator=J201(HDRV10W51P254X127_2X5_635X498X838P - duplicate)
Add component (AddParameter): Name = "Arrow Part Number"; Value = "TMS-105-01-L-D"; VariantName = "[No Variations]"
Add component (AddParameter): Name = "Arrow Price/Stock"; Value = "https://www.arrow.com/en/products/tms-105-01-l-d/samtec"; VariantName = "[No Variations]"
Add component (AddParameter): Name = "Datasheet Link"; Value = "http://suddendocs.samtec.com/catalog_english/tms_th.pdf"; VariantName = "[No Variations]"
Add component (AddParameter): Name = "Height"; Value = "8.38mm"; VariantName = "[No Variations]"
Add component (AddParameter): Name = "Manufacturer_Name"; Value = "SAMTEC"; VariantName = "[No Variations]"
Add component (AddParameter): Name = "Manufacturer_Part_Number"; Value = "TMS-105-01-L-D"; VariantName = "[No Variations]"
Add component (AddParameter): Name = "Mouser Part Number"; Value = "200-TMS10501LD"; VariantName = "[No Variations]"
Add component (AddParameter): Name = "Mouser Price/Stock"; Value = "https://www.mouser.com/Search/Refine.aspx?Keyword=200-TMS10501LD"; VariantName = "[No Variations]"
Add component (AddParameter): Name = "Mouser Testing Part Number"; Value = ""; VariantName = "[No Variations]"
Add component (AddParameter): Name = "Mouser Testing Price/Stock"; Value = ""; VariantName = "[No Variations]"
Added Component: Designator=J202(SAMTEC_MTMM-101-10-G-D-135)
Add component (AddParameter): Name = "Availability"; Value = "Unavailable"; VariantName = "[No Variations]"
Add component (AddParameter): Name = "MF"; Value = "{'manufacturer': u'Samtec'}"; VariantName = "[No Variations]"
Add component (AddParameter): Name = "MP"; Value = "MTMM-101-10-G-D-135"; VariantName = "[No Variations]"
Add component (AddParameter): Name = "Package"; Value = "None"; VariantName = "[No Variations]"
Add component (AddParameter): Name = "Price"; Value = "None"; VariantName = "[No Variations]"
Add component (AddParameter): Name = "Value"; Value = ""; VariantName = "[No Variations]"
Added Component: Designator=J203(CUI_TB005 -762-03BE)
Add component (AddParameter): Name = "Availability"; Value = "Unavailable"; VariantName = "[No Variations]"
Add component (AddParameter): Name = "MF"; Value = "{'manufacturer': u'CUI'}"; VariantName = "[No Variations]"
Add component (AddParameter): Name = "MP"; Value = "TB005 -762-03BE"; VariantName = "[No Variations]"
Add component (AddParameter): Name = "Package"; Value = "None"; VariantName = "[No Variations]"
Add component (AddParameter): Name = "Price"; Value = "None"; VariantName = "[No Variations]"
Add component (AddParameter): Name = "Value"; Value = ""; VariantName = "[No Variations]"
Added Component: Designator=J204(CUI_TB005 -762-03BE)
Add component (AddParameter): Name = "Availability"; Value = "Unavailable"; VariantName = "[No Variations]"
Add component (AddParameter): Name = "MF"; Value = "{'manufacturer': u'CUI'}"; VariantName = "[No Variations]"
Add component (AddParameter): Name = "MP"; Value = "TB005 -762-03BE"; VariantName = "[No Variations]"
Add component (AddParameter): Name = "Package"; Value = "None"; VariantName = "[No Variations]"
Add component (AddParameter): Name = "Price"; Value = "None"; VariantName = "[No Variations]"
Add component (AddParameter): Name = "Value"; Value = ""; VariantName = "[No Variations]"
Added Component: Designator=J400(SAMTEC_MTMM-101-10-G-D-135)
Add component (AddParameter): Name = "Availability"; Value = "Unavailable"; VariantName = "[No Variations]"
Add component (AddParameter): Name = "MF"; Value = "{'manufacturer': u'Samtec'}"; VariantName = "[No Variations]"
Add component (AddParameter): Name = "MP"; Value = "MTMM-101-10-G-D-135"; VariantName = "[No Variations]"
Add component (AddParameter): Name = "Package"; Value = "None"; VariantName = "[No Variations]"
Add component (AddParameter): Name = "Price"; Value = "None"; VariantName = "[No Variations]"
Add component (AddParameter): Name = "Value"; Value = ""; VariantName = "[No Variations]"
Add Component: Footprint Not Found SAMTEC_MTMM-101-10-G-D-135
Added Component: Designator=M200(LHE05-20Dxx)
Add Component: Footprint Not Found SOT96P237X111-3N
Added Component: Designator=R100(RESC1608X55 - duplicate)
Add component (AddParameter): Name = "Availability"; Value = "Unavailable"; VariantName = "[No Variations]"
Add component (AddParameter): Name = "MF"; Value = "{'manufacturer': u'Yageo'}"; VariantName = "[No Variations]"
Add component (AddParameter): Name = "MP"; Value = "RC0603FR-0747KL"; VariantName = "[No Variations]"
Add component (AddParameter): Name = "Package"; Value = "None"; VariantName = "[No Variations]"
Add component (AddParameter): Name = "Price"; Value = "None"; VariantName = "[No Variations]"
Add component (AddParameter): Name = "Value"; Value = "47K"; VariantName = "[No Variations]"
Added Component: Designator=R101(RESC1608X55 - duplicate)
Add component (AddParameter): Name = "Availability"; Value = "Unavailable"; VariantName = "[No Variations]"
Add component (AddParameter): Name = "MF"; Value = "{'manufacturer': u'Yageo'}"; VariantName = "[No Variations]"
Add component (AddParameter): Name = "MP"; Value = "SR0603KR-7W270RL"; VariantName = "[No Variations]"
Add component (AddParameter): Name = "Package"; Value = "None"; VariantName = "[No Variations]"
Add component (AddParameter): Name = "Price"; Value = "None"; VariantName = "[No Variations]"
Add component (AddParameter): Name = "Value"; Value = ""; VariantName = "[No Variations]"
Added Component: Designator=R102(RESC1608X55 - duplicate)
Add component (AddParameter): Name = "Availability"; Value = "Unavailable"; VariantName = "[No Variations]"
Add component (AddParameter): Name = "MF"; Value = "{'manufacturer': u'Yageo'}"; VariantName = "[No Variations]"
Add component (AddParameter): Name = "MP"; Value = "SR0603KR-7W270RL"; VariantName = "[No Variations]"
Add component (AddParameter): Name = "Package"; Value = "None"; VariantName = "[No Variations]"
Add component (AddParameter): Name = "Price"; Value = "None"; VariantName = "[No Variations]"
Add component (AddParameter): Name = "Value"; Value = ""; VariantName = "[No Variations]"
Added Component: Designator=R103(RESC6331X70N)
Add component (AddParameter): Name = "Availability"; Value = "Unavailable"; VariantName = "[No Variations]"
Add component (AddParameter): Name = "MF"; Value = "{'manufacturer': u'Vishay'}"; VariantName = "[No Variations]"
Add component (AddParameter): Name = "MP"; Value = "CRCW2512330KFKEG"; VariantName = "[No Variations]"
Add component (AddParameter): Name = "Package"; Value = "None"; VariantName = "[No Variations]"
Add component (AddParameter): Name = "Price"; Value = "None"; VariantName = "[No Variations]"
Add component (AddParameter): Name = "Value"; Value = "330K"; VariantName = "[No Variations]"
Add Component: Footprint Not Found RESC6331X70N
Add Component: Footprint Not Found RESC6331X70N
Add Component: Footprint Not Found RESC1608X55N
Add Component: Footprint Not Found RESC6331X70N
Add Component: Footprint Not Found RESC1608X55N
Added Component: Designator=R200(RESC1608X55 - duplicate)
Add component (AddParameter): Name = "Availability"; Value = "Unavailable"; VariantName = "[No Variations]"
Add component (AddParameter): Name = "MF"; Value = "{'manufacturer': u'Yageo'}"; VariantName = "[No Variations]"
Add component (AddParameter): Name = "MP"; Value = "SR0603KR-7W270RL"; VariantName = "[No Variations]"
Add component (AddParameter): Name = "Package"; Value = "None"; VariantName = "[No Variations]"
Add component (AddParameter): Name = "Price"; Value = "None"; VariantName = "[No Variations]"
Add component (AddParameter): Name = "Value"; Value = ""; VariantName = "[No Variations]"
Add Component: Footprint Not Found RESC1607X60N
Added Component: Designator=R301(RESC1608X55N - duplicate)
Add component (AddParameter): Name = "Availability"; Value = "Unavailable"; VariantName = "[No Variations]"
Add component (AddParameter): Name = "MF"; Value = "{'manufacturer': u'Bourns'}"; VariantName = "[No Variations]"
Add component (AddParameter): Name = "MP"; Value = "CR0603-FX-1001ELF"; VariantName = "[No Variations]"
Add component (AddParameter): Name = "Package"; Value = "None"; VariantName = "[No Variations]"
Add component (AddParameter): Name = "Price"; Value = "None"; VariantName = "[No Variations]"
Add component (AddParameter): Name = "Value"; Value = ""; VariantName = "[No Variations]"
Add Component: Footprint Not Found RESC1607X60N
Added Component: Designator=R303(RESC1608X55N - duplicate)
Add component (AddParameter): Name = "Availability"; Value = "Unavailable"; VariantName = "[No Variations]"
Add component (AddParameter): Name = "MF"; Value = "{'manufacturer': u'Bourns'}"; VariantName = "[No Variations]"
Add component (AddParameter): Name = "MP"; Value = "CR0603-FX-1001ELF"; VariantName = "[No Variations]"
Add component (AddParameter): Name = "Package"; Value = "None"; VariantName = "[No Variations]"
Add component (AddParameter): Name = "Price"; Value = "None"; VariantName = "[No Variations]"
Add component (AddParameter): Name = "Value"; Value = ""; VariantName = "[No Variations]"
Added Component: Designator=R304(RESC1608X55N - duplicate)
Add component (AddParameter): Name = "Availability"; Value = "Unavailable"; VariantName = "[No Variations]"
Add component (AddParameter): Name = "MF"; Value = "{'manufacturer': u'Bourns'}"; VariantName = "[No Variations]"
Add component (AddParameter): Name = "MP"; Value = "CR0603-FX-1000ELF"; VariantName = "[No Variations]"
Add component (AddParameter): Name = "Package"; Value = "None"; VariantName = "[No Variations]"
Add component (AddParameter): Name = "Price"; Value = "None"; VariantName = "[No Variations]"
Add component (AddParameter): Name = "Value"; Value = ""; VariantName = "[No Variations]"
Added Component: Designator=R400(RESC1608X55 - duplicate)
Add component (AddParameter): Name = "Availability"; Value = "Unavailable"; VariantName = "[No Variations]"
Add component (AddParameter): Name = "MF"; Value = "{'manufacturer': u'Bourns'}"; VariantName = "[No Variations]"
Add component (AddParameter): Name = "MP"; Value = "CR0603-FX-1001ELF"; VariantName = "[No Variations]"
Add component (AddParameter): Name = "Package"; Value = "None"; VariantName = "[No Variations]"
Add component (AddParameter): Name = "Price"; Value = "None"; VariantName = "[No Variations]"
Add component (AddParameter): Name = "Value"; Value = "1K"; VariantName = "[No Variations]"
Added Component: Designator=R401(RESC1608X55N - duplicate)
Add component (AddParameter): Name = "Availability"; Value = "Unavailable"; VariantName = "[No Variations]"
Add component (AddParameter): Name = "MF"; Value = "{'manufacturer': u'Bourns'}"; VariantName = "[No Variations]"
Add component (AddParameter): Name = "MP"; Value = "CR0603-FX-1001ELF"; VariantName = "[No Variations]"
Add component (AddParameter): Name = "Package"; Value = "None"; VariantName = "[No Variations]"
Add component (AddParameter): Name = "Price"; Value = "None"; VariantName = "[No Variations]"
Add component (AddParameter): Name = "Value"; Value = "13"; VariantName = "[No Variations]"
Add Component: Footprint Not Found RESC1608X55N
Add Component: Footprint Not Found S14K300
Added Component: Designator=SB200(SOLDERBRIDGE_OPEN)
Add component (AddParameter): Name = "2nd source part number"; Value = ""; VariantName = "[No Variations]"
Add component (AddParameter): Name = "2nd source Supplier"; Value = ""; VariantName = "[No Variations]"
Add component (AddParameter): Name = "Artikkelnr Noca"; Value = "N.A."; VariantName = "[No Variations]"
Add component (AddParameter): Name = "Artikkelnr Simpro"; Value = "N.A."; VariantName = "[No Variations]"
Add component (AddParameter): Name = "Datasheet"; Value = ""; VariantName = "[No Variations]"
Add component (AddParameter): Name = "Footprint Doc"; Value = "Solderbridge"; VariantName = "[No Variations]"
Add component (AddParameter): Name = "LatestRevisionDate"; Value = "2009-12-14"; VariantName = "[No Variations]"
Add component (AddParameter): Name = "Manufacturer"; Value = ""; VariantName = "[No Variations]"
Add component (AddParameter): Name = "Manufacturer Part Number"; Value = ""; VariantName = "[No Variations]"
Add component (AddParameter): Name = "Note"; Value = ""; VariantName = "[No Variations]"
Add component (AddParameter): Name = "Part Number"; Value = "Solderbridge"; VariantName = "[No Variations]"
Add component (AddParameter): Name = "Pin Count"; Value = "2"; VariantName = "[No Variations]"
Add component (AddParameter): Name = "Published"; Value = "2009-12-14"; VariantName = "[No Variations]"
Add component (AddParameter): Name = "Publisher"; Value = "Nordic Semiconductor"; VariantName = "[No Variations]"
Add component (AddParameter): Name = "Supplier"; Value = ""; VariantName = "[No Variations]"
Add component (AddParameter): Name = "Supplier part number"; Value = ""; VariantName = "[No Variations]"
Add component (AddParameter): Name = "Value"; Value = "Solderbridge"; VariantName = "[No Variations]"
Added Pin To Net: NetName=GND Pin=C100-1
Added Pin To Net: NetName=AFE_SWTDIO Pin=C100-2
Added Pin To Net: NetName=GND Pin=C101-1
Added Pin To Net: NetName=3.3V_AFE Pin=C101-2
Add Pin To Net: Unknown Pin: Pin C102-1
Add Pin To Net: Unknown Pin: Pin C102-2
Add Pin To Net: Unknown Pin: Pin C103-1
Add Pin To Net: Unknown Pin: Pin C103-2
Added Pin To Net: NetName=NetC104_1 Pin=C104-1
Added Pin To Net: NetName=GND Pin=C104-2
Add Pin To Net: Unknown Pin: Pin C105-1
Add Pin To Net: Unknown Pin: Pin C105-2
Added Pin To Net: NetName=V- Pin=C106-1
Added Pin To Net: NetName=V+ Pin=C106-2
Add Pin To Net: Unknown Pin: Pin C107-1
Add Pin To Net: Unknown Pin: Pin C107-2
Add Pin To Net: Unknown Pin: Pin C200-1
Add Pin To Net: Unknown Pin: Pin C200-2
Add Pin To Net: Unknown Pin: Pin C201-1
Add Pin To Net: Unknown Pin: Pin C201-2
Add Pin To Net: Unknown Pin: Pin C202-1
Add Pin To Net: Unknown Pin: Pin C202-2
Add Pin To Net: Unknown Pin: Pin C203-1
Add Pin To Net: Unknown Pin: Pin C203-2
Added Pin To Net: NetName=GND Pin=C204-1
Added Pin To Net: NetName=+5_AFE Pin=C204-2
Added Pin To Net: NetName=GND Pin=C205-1
Added Pin To Net: NetName=3.3V_AFE Pin=C205-2
Added Pin To Net: NetName=GND Pin=C300-1
Added Pin To Net: NetName=3.3V_AFE Pin=C300-2
Added Pin To Net: NetName=D_GND Pin=C301-1
Added Pin To Net: NetName=3.3v Pin=C301-2
Added Pin To Net: NetName=I1+ Pin=C400-1
Added Pin To Net: NetName=GND Pin=C400-2
Added Pin To Net: NetName=I1- Pin=C401-1
Added Pin To Net: NetName=I1+ Pin=C401-2
Add Pin To Net: Unknown Pin: Pin C402-1
Add Pin To Net: Unknown Pin: Pin C402-2
Added Pin To Net: NetName=NetD100_1 Pin=D100-1
Added Pin To Net: NetName=GND Pin=D100-2
Add Pin To Net: Unknown Pin: Pin D101-1
Add Pin To Net: Unknown Pin: Pin D101-2
Added Pin To Net: NetName=NetD102_1 Pin=D102-1
Added Pin To Net: NetName=N Pin=D102-2
Add Pin To Net: Unknown Pin: Pin D200-1
Add Pin To Net: Unknown Pin: Pin D200-2
Add Pin To Net: Unknown Pin: Pin D201-1
Add Pin To Net: Unknown Pin: Pin D201-2
Add Pin To Net: Unknown Pin: Pin D202-1
Add Pin To Net: Unknown Pin: Pin D202-2
Added Pin To Net: NetName=3.3V_AFE Pin=D400-1
Added Pin To Net: NetName=NetD400_2 Pin=D400-2
Add Pin To Net: Unknown Pin: Pin D401-1
Add Pin To Net: Unknown Pin: Pin D401-2
Added Pin To Net: NetName=NetD400_2 Pin=D402-1
Added Pin To Net: NetName=NetD402_2 Pin=D402-2
Add Pin To Net: Unknown Pin: Pin D403-1
Add Pin To Net: Unknown Pin: Pin D403-2
Add Pin To Net: Unknown Pin: Pin D404-1
Add Pin To Net: Unknown Pin: Pin D404-2
Added Pin To Net: NetName=NetF200_2 Pin=F200-2
Added Pin To Net: NetName=NetD400_2 Pin=FL400-1
Added Pin To Net: NetName=NetFL400_2 Pin=FL400-2
Added Pin To Net: NetName=NetD402_2 Pin=FL401-1
Added Pin To Net: NetName=NetFL401_2 Pin=FL401-2
Added Pin To Net: NetName=3.3v Pin=J200-1
Added Pin To Net: NetName=MCU_TX Pin=J200-2
Added Pin To Net: NetName=RELAY_CONTROL Pin=J200-3
Added Pin To Net: NetName=MCU_RX Pin=J200-4
Added Pin To Net: NetName=DECT_2 Pin=J200-5
Added Pin To Net: NetName=DECT_1 Pin=J200-6
Added Pin To Net: NetName=DECT_3 Pin=J200-7
Added Pin To Net: NetName=D_GND Pin=J200-10
Added Pin To Net: NetName=+5 Pin=J201-1
Added Pin To Net: NetName=IO_IN Pin=J201-5
Added Pin To Net: NetName=IO_OUT Pin=J201-6
Added Pin To Net: NetName=D_GND Pin=J201-10
Added Pin To Net: NetName=GND Pin=J202-01
Added Pin To Net: NetName=N Pin=J202-02
Added Pin To Net: NetName=N Pin=J203-1
Added Pin To Net: NetName=E Pin=J203-2
Added Pin To Net: NetName=L Pin=J203-3
Added Pin To Net: NetName=RELAY_L_OUT Pin=J204-1
Added Pin To Net: NetName=E_OUT Pin=J204-2
Added Pin To Net: NetName=N_OUT Pin=J204-3
Added Pin To Net: NetName=NetD402_2 Pin=J400-01
Added Pin To Net: NetName=NetD400_2 Pin=J400-02
Add Pin To Net: Unknown Pin: Pin J401-01
Add Pin To Net: Unknown Pin: Pin J401-02
Added Pin To Net: NetName=NetF200_2 Pin=M200-2
Added Pin To Net: NetName=NetM200_3 Pin=M200-3
Added Pin To Net: NetName=+12 Pin=M200-5
Add Pin To Net: Unknown Pin: Pin M200-6
Added Pin To Net: NetName=+5 Pin=M200-7
Added Pin To Net: NetName=GND Pin=M200-8
Add Pin To Net: Unknown Pin: Pin Q300-1
Add Pin To Net: Unknown Pin: Pin Q300-2
Add Pin To Net: Unknown Pin: Pin Q300-3
Added Pin To Net: NetName=AFE_SWTDIO Pin=R100-1
Added Pin To Net: NetName=3.3V_AFE Pin=R100-2
Added Pin To Net: NetName=NetD100_1 Pin=R101-1
Added Pin To Net: NetName=NetR101_2 Pin=R101-2
Added Pin To Net: NetName=NetD101_1 Pin=R102-1
Added Pin To Net: NetName=NetR102_2 Pin=R102-2
Added Pin To Net: NetName=RELAY_L_OUT Pin=R103-1
Added Pin To Net: NetName=NetR103_2 Pin=R103-2
Add Pin To Net: Unknown Pin: Pin R104-1
Add Pin To Net: Unknown Pin: Pin R104-2
Add Pin To Net: Unknown Pin: Pin R105-1
Add Pin To Net: Unknown Pin: Pin R105-2
Add Pin To Net: Unknown Pin: Pin R106-1
Add Pin To Net: Unknown Pin: Pin R106-2
Add Pin To Net: Unknown Pin: Pin R107-1
Add Pin To Net: Unknown Pin: Pin R107-2
Add Pin To Net: Unknown Pin: Pin R108-1
Add Pin To Net: Unknown Pin: Pin R108-2
Added Pin To Net: NetName=NetD202_1 Pin=R200-1
Added Pin To Net: NetName=3.3V_AFE Pin=R200-2
Add Pin To Net: Unknown Pin: Pin R300-1
Add Pin To Net: Unknown Pin: Pin R300-2
Added Pin To Net: NetName=RELAY_CONTROL Pin=R301-1
Added Pin To Net: NetName=3.3v Pin=R301-2
Add Pin To Net: Unknown Pin: Pin R302-1
Add Pin To Net: Unknown Pin: Pin R302-2
Added Pin To Net: NetName=RELAY_CONTROL Pin=R303-1
Added Pin To Net: NetName=NetQ300_1 Pin=R303-2
Added Pin To Net: NetName=D_GND Pin=R304-1
Added Pin To Net: NetName=NetQ300_3 Pin=R304-2
Added Pin To Net: NetName=I1+ Pin=R400-1
Added Pin To Net: NetName=NetFL400_2 Pin=R400-2
Added Pin To Net: NetName=NetFL401_2 Pin=R401-1
Added Pin To Net: NetName=NetFL400_2 Pin=R401-2
Add Pin To Net: Unknown Pin: Pin R402-1
Add Pin To Net: Unknown Pin: Pin R402-2
Add Pin To Net: Unknown Pin: Pin RV200-1
Add Pin To Net: Unknown Pin: Pin RV200-2
Added Pin To Net: NetName=N Pin=SB200-1
Added Pin To Net: NetName=N Pin=SB200-2
Added Member To Class: ClassName=AFE Member=Component C100 06033G104ZAT4A
Added Member To Class: ClassName=AFE Member=Component C101 06033G104ZAT4A
Add Class Member: Failed to add class member : Component C102 10µF
Add Class Member: Failed to add class member : Component C103 06033G104ZAT4A
Added Member To Class: ClassName=AFE Member=Component C104 C0603C474K8PACTU
Add Class Member: Failed to add class member : Component C105 CC0603JRNPO9BN470
Added Member To Class: ClassName=AFE Member=Component C106 VJ0603Y153KXAPW1BC
Add Class Member: Failed to add class member : Component C107 CC0603JRNPO9BN470
Add Class Member: Failed to add class member : Component C200 EEE-FK1E221AL
Add Class Member: Failed to add class member : Component C201 CC0805KRX7R9BB104
Add Class Member: Failed to add class member : Component C202 865081745006
Add Class Member: Failed to add class member : Component C203 CC0805KRX7R9BB104
Added Member To Class: ClassName=power1 Member=Component C204 06033G104ZAT4A
Added Member To Class: ClassName=power1 Member=Component C205 06033G104ZAT4A
Added Member To Class: ClassName=interface1 Member=Component C300 06033G104ZAT4A
Added Member To Class: ClassName=interface1 Member=Component C301 06033G104ZAT4A
Added Member To Class: ClassName=ct_interface Member=Component C400 CC0603JRNPO9BN470
Added Member To Class: ClassName=ct_interface Member=Component C401 VJ0603Y153KXAPW1BC
Add Class Member: Failed to add class member : Component C402 CC0603JRNPO9BN470
Added Member To Class: ClassName=AFE Member=Component D100 LED-BLUE
Add Class Member: Failed to add class member : Component D101 LED-BLUE
Added Member To Class: ClassName=AFE Member=Component D102 SMAJ5.0CA-13-F
Add Class Member: Failed to add class member : Component D200 SMBJ7.0A
Add Class Member: Failed to add class member : Component D201 SMBJ20A
Add Class Member: Failed to add class member : Component D202 LED-BLUE
Added Member To Class: ClassName=ct_interface Member=Component D400 1N4148W_R1_00001
Add Class Member: Failed to add class member : Component D401 1N4148W_R1_00001
Added Member To Class: ClassName=ct_interface Member=Component D402 SMAJ5.0CA-13-F
Add Class Member: Failed to add class member : Component D403 1N4148W_R1_00001
Add Class Member: Failed to add class member : Component D404 1N4148W_R1_00001
Added Member To Class: ClassName=power1 Member=Component F200 MRT-500-AMMO
Added Member To Class: ClassName=ct_interface Member=Component FL400 BLM21BD121SN1D
Added Member To Class: ClassName=ct_interface Member=Component FL401 BLM21BD121SN1D
Added Member To Class: ClassName=power1 Member=Component J200 TMS-105-01-L-D
Added Member To Class: ClassName=power1 Member=Component J201 TMS-105-01-L-D
Added Member To Class: ClassName=power1 Member=Component J202 MTMM-101-10-G-D-135
Added Member To Class: ClassName=power1 Member=Component J203 TB005_-762-03BE
Added Member To Class: ClassName=power1 Member=Component J204 TB005_-762-03BE
Added Member To Class: ClassName=ct_interface Member=Component J400 MTMM-101-10-G-D-135
Add Class Member: Failed to add class member : Component J401 MTMM-101-10-G-D-135
Added Member To Class: ClassName=power1 Member=Component M200 LHE05-20D0512-01
Add Class Member: Failed to add class member : Component Q300 MMBT5087LT3G
Added Member To Class: ClassName=AFE Member=Component R100 RC0603FR-0747KL
Added Member To Class: ClassName=AFE Member=Component R101 SR0603KR-7W270RL
Added Member To Class: ClassName=AFE Member=Component R102 SR0603KR-7W270RL
Added Member To Class: ClassName=AFE Member=Component R103 CRCW2512330KFKEG
Add Class Member: Failed to add class member : Component R104 CRCW2512330KFKEG
Add Class Member: Failed to add class member : Component R105 CRCW2512330KFKEG
Add Class Member: Failed to add class member : Component R106 CR0603-FX-1000ELF
Add Class Member: Failed to add class member : Component R107 CRCW25121K50JNEG
Add Class Member: Failed to add class member : Component R108 CR0603-FX-1001ELF
Added Member To Class: ClassName=power1 Member=Component R200 SR0603KR-7W270RL
Add Class Member: Failed to add class member : Component R300 RC0603FR-0710KL
Added Member To Class: ClassName=interface1 Member=Component R301 CR0603-FX-1001ELF
Add Class Member: Failed to add class member : Component R302 RC0603FR-0710KL
Added Member To Class: ClassName=interface1 Member=Component R303 CR0603-FX-1001ELF
Added Member To Class: ClassName=interface1 Member=Component R304 CR0603-FX-1000ELF
Added Member To Class: ClassName=ct_interface Member=Component R400 CR0603-FX-1001ELF
Added Member To Class: ClassName=ct_interface Member=Component R401 CR0603-FX-1001ELF
Add Class Member: Failed to add class member : Component R402 CR0603-FX-1001ELF
Add Class Member: Failed to add class member : Component RV200 S14K300
Added Member To Class: ClassName=power1 Member=Component SB200 Solderbridge
