Add Component: Footprint Not Found CAPC1608X90N
Add Component: Footprint Not Found CAPC1608X90N
Add Component: Footprint Not Found CAP_0603
Add Component: Footprint Not Found CAPC1608X90N
Add Component: Footprint Not Found CAPC1608X90
Add Component: Footprint Not Found CAPC1608X90
Add Component: Footprint Not Found CAPC1608X87N
Add Component: Footprint Not Found CAPC1608X90
Add Component: Footprint Not Found EEETC1V470P
Add Component: Footprint Not Found CAPC2012X70N
Add Component: Footprint Not Found CAPAE660X770N
Add Component: Footprint Not Found CAPC2012X70N
Add Component: Footprint Not Found CAPC1608X90N
Add Component: Footprint Not Found CAPC1608X90N
Add Component: Footprint Not Found CAPC1608X90N
Add Component: Footprint Not Found CAPC1608X90N
Add Component: Footprint Not Found CAPC1608X90
Add Component: Footprint Not Found CAPC1608X87N
Add Component: Footprint Not Found CAPC1608X90
Add Component: Footprint Not Found LED-0603-BLUE
Add Component: Footprint Not Found LED-0603-BLUE
Add Component: Footprint Not Found DIOM5126X229N
Add Component: Footprint Not Found DIOM5436X261N
Add Component: Footprint Not Found DIOM5436X244N
Add Component: Footprint Not Found LED-0603-BLUE
Add Component: Footprint Not Found SOD3816X135N
Add Component: Footprint Not Found SOD3816X135N
Add Component: Footprint Not Found DIOM5126X229N
Add Component: Footprint Not Found SOD3816X135N
Add Component: Footprint Not Found SOD3816X135N
Add Component: Footprint Not Found FUSE_MRT-500-AMMO
Add Component: Footprint Not Found BEADC2012X105N
Add Component: Footprint Not Found BEADC2012X105N
Add Component: Footprint Not Found HDRV10W51P254X127_2X5_635X498X838P
Add Component: Footprint Not Found HDRV10W51P254X127_2X5_635X498X838P
Add Component: Footprint Not Found SAMTEC_MTMM-101-10-G-D-135
Add Component: Footprint Not Found CUI_TB005 -762-03BE
Add Component: Footprint Not Found CUI_TB005 -762-03BE
Add Component: Footprint Not Found SAMTEC_MTMM-101-10-G-D-135
Add Component: Footprint Not Found SAMTEC_MTMM-101-10-G-D-135
Add Component: Footprint Not Found SOT96P237X111-3N
Add Component: Footprint Not Found RESC1608X55
Add Component: Footprint Not Found RESC1608X55N
Add Component: Footprint Not Found RESC1608X55N
Add Component: Footprint Not Found RESC6331X70N
Add Component: Footprint Not Found RESC6331X70N
Add Component: Footprint Not Found RESC6331X70N
Add Component: Footprint Not Found RESC1608X55N
Add Component: Footprint Not Found RESC6331X70N
Add Component: Footprint Not Found RESC1608X55N
Add Component: Footprint Not Found RESC1608X55N
Add Component: Footprint Not Found RESC1607X60N
Add Component: Footprint Not Found RESC1608X55N
Add Component: Footprint Not Found RESC1607X60N
Add Component: Footprint Not Found RESC1608X55N
Add Component: Footprint Not Found RESC1608X55N
Add Component: Footprint Not Found RESC1608X55N
Add Component: Footprint Not Found RESC1608X55N
Add Component: Footprint Not Found RESC1608X55N
Add Component: Footprint Not Found S14K300
Add Component: Footprint Not Found SOLDERBRIDGE_OPEN
Add Pin To Net: Unknown Pin: Pin C100-1
Add Pin To Net: Unknown Pin: Pin C100-2
Add Pin To Net: Unknown Pin: Pin C101-1
Add Pin To Net: Unknown Pin: Pin C101-2
Add Pin To Net: Unknown Pin: Pin C102-1
Add Pin To Net: Unknown Pin: Pin C102-2
Add Pin To Net: Unknown Pin: Pin C103-1
Add Pin To Net: Unknown Pin: Pin C103-2
Add Pin To Net: Unknown Pin: Pin C104-1
Add Pin To Net: Unknown Pin: Pin C104-2
Add Pin To Net: Unknown Pin: Pin C105-1
Add Pin To Net: Unknown Pin: Pin C105-2
Add Pin To Net: Unknown Pin: Pin C106-1
Add Pin To Net: Unknown Pin: Pin C106-2
Add Pin To Net: Unknown Pin: Pin C107-1
Add Pin To Net: Unknown Pin: Pin C107-2
Add Pin To Net: Unknown Pin: Pin C200-1
Add Pin To Net: Unknown Pin: Pin C200-2
Add Pin To Net: Unknown Pin: Pin C201-1
Add Pin To Net: Unknown Pin: Pin C201-2
Add Pin To Net: Unknown Pin: Pin C202-1
Add Pin To Net: Unknown Pin: Pin C202-2
Add Pin To Net: Unknown Pin: Pin C203-1
Add Pin To Net: Unknown Pin: Pin C203-2
Add Pin To Net: Unknown Pin: Pin C204-1
Add Pin To Net: Unknown Pin: Pin C204-2
Add Pin To Net: Unknown Pin: Pin C205-1
Add Pin To Net: Unknown Pin: Pin C205-2
Add Pin To Net: Unknown Pin: Pin C300-1
Add Pin To Net: Unknown Pin: Pin C300-2
Add Pin To Net: Unknown Pin: Pin C301-1
Add Pin To Net: Unknown Pin: Pin C301-2
Add Pin To Net: Unknown Pin: Pin C400-1
Add Pin To Net: Unknown Pin: Pin C400-2
Add Pin To Net: Unknown Pin: Pin C401-1
Add Pin To Net: Unknown Pin: Pin C401-2
Add Pin To Net: Unknown Pin: Pin C402-1
Add Pin To Net: Unknown Pin: Pin C402-2
Add Pin To Net: Unknown Pin: Pin D100-1
Add Pin To Net: Unknown Pin: Pin D100-2
Add Pin To Net: Unknown Pin: Pin D101-1
Add Pin To Net: Unknown Pin: Pin D101-2
Add Pin To Net: Unknown Pin: Pin D102-1
Add Pin To Net: Unknown Pin: Pin D102-2
Add Pin To Net: Unknown Pin: Pin D200-1
Add Pin To Net: Unknown Pin: Pin D200-2
Add Pin To Net: Unknown Pin: Pin D201-1
Add Pin To Net: Unknown Pin: Pin D201-2
Add Pin To Net: Unknown Pin: Pin D202-1
Add Pin To Net: Unknown Pin: Pin D202-2
Add Pin To Net: Unknown Pin: Pin D400-1
Add Pin To Net: Unknown Pin: Pin D400-2
Add Pin To Net: Unknown Pin: Pin D401-1
Add Pin To Net: Unknown Pin: Pin D401-2
Add Pin To Net: Unknown Pin: Pin D402-1
Add Pin To Net: Unknown Pin: Pin D402-2
Add Pin To Net: Unknown Pin: Pin D403-1
Add Pin To Net: Unknown Pin: Pin D403-2
Add Pin To Net: Unknown Pin: Pin D404-1
Add Pin To Net: Unknown Pin: Pin D404-2
Add Pin To Net: Unknown Pin: Pin F200-2
Add Pin To Net: Unknown Pin: Pin FL400-1
Add Pin To Net: Unknown Pin: Pin FL400-2
Add Pin To Net: Unknown Pin: Pin FL401-1
Add Pin To Net: Unknown Pin: Pin FL401-2
Add Pin To Net: Unknown Pin: Pin J200-1
Add Pin To Net: Unknown Pin: Pin J200-2
Add Pin To Net: Unknown Pin: Pin J200-3
Add Pin To Net: Unknown Pin: Pin J200-4
Add Pin To Net: Unknown Pin: Pin J200-5
Add Pin To Net: Unknown Pin: Pin J200-6
Add Pin To Net: Unknown Pin: Pin J200-7
Add Pin To Net: Unknown Pin: Pin J200-10
Add Pin To Net: Unknown Pin: Pin J201-1
Add Pin To Net: Unknown Pin: Pin J201-5
Add Pin To Net: Unknown Pin: Pin J201-6
Add Pin To Net: Unknown Pin: Pin J201-10
Add Pin To Net: Unknown Pin: Pin J202-01
Add Pin To Net: Unknown Pin: Pin J202-02
Add Pin To Net: Unknown Pin: Pin J203-1
Add Pin To Net: Unknown Pin: Pin J203-2
Add Pin To Net: Unknown Pin: Pin J203-3
Add Pin To Net: Unknown Pin: Pin J204-1
Add Pin To Net: Unknown Pin: Pin J204-2
Add Pin To Net: Unknown Pin: Pin J204-3
Add Pin To Net: Unknown Pin: Pin J400-01
Add Pin To Net: Unknown Pin: Pin J400-02
Add Pin To Net: Unknown Pin: Pin J401-01
Add Pin To Net: Unknown Pin: Pin J401-02
Add Pin To Net: Unknown Pin: Pin M200-2
Add Pin To Net: Unknown Pin: Pin M200-3
Add Pin To Net: Unknown Pin: Pin M200-5
Add Pin To Net: Unknown Pin: Pin M200-6
Add Pin To Net: Unknown Pin: Pin M200-7
Add Pin To Net: Unknown Pin: Pin M200-8
Add Pin To Net: Unknown Pin: Pin Q300-1
Add Pin To Net: Unknown Pin: Pin Q300-2
Add Pin To Net: Unknown Pin: Pin Q300-3
Add Pin To Net: Unknown Pin: Pin R100-1
Add Pin To Net: Unknown Pin: Pin R100-2
Add Pin To Net: Unknown Pin: Pin R101-1
Add Pin To Net: Unknown Pin: Pin R101-2
Add Pin To Net: Unknown Pin: Pin R102-1
Add Pin To Net: Unknown Pin: Pin R102-2
Add Pin To Net: Unknown Pin: Pin R103-1
Add Pin To Net: Unknown Pin: Pin R103-2
Add Pin To Net: Unknown Pin: Pin R104-1
Add Pin To Net: Unknown Pin: Pin R104-2
Add Pin To Net: Unknown Pin: Pin R105-1
Add Pin To Net: Unknown Pin: Pin R105-2
Add Pin To Net: Unknown Pin: Pin R106-1
Add Pin To Net: Unknown Pin: Pin R106-2
Add Pin To Net: Unknown Pin: Pin R107-1
Add Pin To Net: Unknown Pin: Pin R107-2
Add Pin To Net: Unknown Pin: Pin R108-1
Add Pin To Net: Unknown Pin: Pin R108-2
Add Pin To Net: Unknown Pin: Pin R200-1
Add Pin To Net: Unknown Pin: Pin R200-2
Add Pin To Net: Unknown Pin: Pin R300-1
Add Pin To Net: Unknown Pin: Pin R300-2
Add Pin To Net: Unknown Pin: Pin R301-1
Add Pin To Net: Unknown Pin: Pin R301-2
Add Pin To Net: Unknown Pin: Pin R302-1
Add Pin To Net: Unknown Pin: Pin R302-2
Add Pin To Net: Unknown Pin: Pin R303-1
Add Pin To Net: Unknown Pin: Pin R303-2
Add Pin To Net: Unknown Pin: Pin R304-1
Add Pin To Net: Unknown Pin: Pin R304-2
Add Pin To Net: Unknown Pin: Pin R400-1
Add Pin To Net: Unknown Pin: Pin R400-2
Add Pin To Net: Unknown Pin: Pin R401-1
Add Pin To Net: Unknown Pin: Pin R401-2
Add Pin To Net: Unknown Pin: Pin R402-1
Add Pin To Net: Unknown Pin: Pin R402-2
Add Pin To Net: Unknown Pin: Pin RV200-1
Add Pin To Net: Unknown Pin: Pin RV200-2
Add Pin To Net: Unknown Pin: Pin SB200-1
Add Pin To Net: Unknown Pin: Pin SB200-2
Add Class Member: Failed to add class member : Component C100 06033G104ZAT4A
Add Class Member: Failed to add class member : Component C101 06033G104ZAT4A
Add Class Member: Failed to add class member : Component C102 10µF
Add Class Member: Failed to add class member : Component C103 06033G104ZAT4A
Add Class Member: Failed to add class member : Component C104 C0603C474K8PACTU
Add Class Member: Failed to add class member : Component C105 CC0603JRNPO9BN470
Add Class Member: Failed to add class member : Component C106 VJ0603Y153KXAPW1BC
Add Class Member: Failed to add class member : Component C107 CC0603JRNPO9BN470
Add Class Member: Failed to add class member : Component C200 EEE-FK1E221AL
Add Class Member: Failed to add class member : Component C201 CC0805KRX7R9BB104
Add Class Member: Failed to add class member : Component C202 865081745006
Add Class Member: Failed to add class member : Component C203 CC0805KRX7R9BB104
Add Class Member: Failed to add class member : Component C204 06033G104ZAT4A
Add Class Member: Failed to add class member : Component C205 06033G104ZAT4A
Add Class Member: Failed to add class member : Component C300 06033G104ZAT4A
Add Class Member: Failed to add class member : Component C301 06033G104ZAT4A
Add Class Member: Failed to add class member : Component C400 CC0603JRNPO9BN470
Add Class Member: Failed to add class member : Component C401 VJ0603Y153KXAPW1BC
Add Class Member: Failed to add class member : Component C402 CC0603JRNPO9BN470
Add Class Member: Failed to add class member : Component D100 LED-BLUE
Add Class Member: Failed to add class member : Component D101 LED-BLUE
Add Class Member: Failed to add class member : Component D102 SMAJ5.0CA-13-F
Add Class Member: Failed to add class member : Component D200 SMBJ7.0A
Add Class Member: Failed to add class member : Component D201 SMBJ20A
Add Class Member: Failed to add class member : Component D202 LED-BLUE
Add Class Member: Failed to add class member : Component D400 1N4148W_R1_00001
Add Class Member: Failed to add class member : Component D401 1N4148W_R1_00001
Add Class Member: Failed to add class member : Component D402 SMAJ5.0CA-13-F
Add Class Member: Failed to add class member : Component D403 1N4148W_R1_00001
Add Class Member: Failed to add class member : Component D404 1N4148W_R1_00001
Add Class Member: Failed to add class member : Component F200 MRT-500-AMMO
Add Class Member: Failed to add class member : Component FL400 BLM21BD121SN1D
Add Class Member: Failed to add class member : Component FL401 BLM21BD121SN1D
Add Class Member: Failed to add class member : Component J200 TMS-105-01-L-D
Add Class Member: Failed to add class member : Component J201 TMS-105-01-L-D
Add Class Member: Failed to add class member : Component J202 MTMM-101-10-G-D-135
Add Class Member: Failed to add class member : Component J203 TB005_-762-03BE
Add Class Member: Failed to add class member : Component J204 TB005_-762-03BE
Add Class Member: Failed to add class member : Component J400 MTMM-101-10-G-D-135
Add Class Member: Failed to add class member : Component J401 MTMM-101-10-G-D-135
Add Class Member: Failed to add class member : Component M200 LHE05-20D0512-01
Add Class Member: Failed to add class member : Component Q300 MMBT5087LT3G
Add Class Member: Failed to add class member : Component R100 RC0603FR-0747KL
Add Class Member: Failed to add class member : Component R101 SR0603KR-7W270RL
Add Class Member: Failed to add class member : Component R102 SR0603KR-7W270RL
Add Class Member: Failed to add class member : Component R103 CRCW2512330KFKEG
Add Class Member: Failed to add class member : Component R104 CRCW2512330KFKEG
Add Class Member: Failed to add class member : Component R105 CRCW2512330KFKEG
Add Class Member: Failed to add class member : Component R106 CR0603-FX-1000ELF
Add Class Member: Failed to add class member : Component R107 CRCW25121K50JNEG
Add Class Member: Failed to add class member : Component R108 CR0603-FX-1001ELF
Add Class Member: Failed to add class member : Component R200 SR0603KR-7W270RL
Add Class Member: Failed to add class member : Component R300 RC0603FR-0710KL
Add Class Member: Failed to add class member : Component R301 CR0603-FX-1001ELF
Add Class Member: Failed to add class member : Component R302 RC0603FR-0710KL
Add Class Member: Failed to add class member : Component R303 CR0603-FX-1001ELF
Add Class Member: Failed to add class member : Component R304 CR0603-FX-1000ELF
Add Class Member: Failed to add class member : Component R400 CR0603-FX-1001ELF
Add Class Member: Failed to add class member : Component R401 CR0603-FX-1001ELF
Add Class Member: Failed to add class member : Component R402 CR0603-FX-1001ELF
Add Class Member: Failed to add class member : Component RV200 S14K300
Add Class Member: Failed to add class member : Component SB200 Solderbridge
